2012/09/01 08:42:48 [error] [exception.CHttpException.404] exception 'CHttpException' with message 'Unable to resolve the request "admin".' in /srv/www/htdocs/yii/framework/web/CWebApplication.php:287
Stack trace:
#0 /srv/www/htdocs/yii/framework/web/CWebApplication.php(142): CWebApplication->runController('admin')
#1 /srv/www/htdocs/yii/framework/base/CApplication.php(162): CWebApplication->processRequest()
#2 /srv/www/htdocs/yii_computer/index.php(13): CApplication->run()
#3 {main}
REQUEST_URI=/yii_computer/index.php?r=admin
---
2012/09/01 08:49:43 [error] [exception.CHttpException.404] exception 'CHttpException' with message 'Unable to resolve the request "admin".' in /srv/www/htdocs/yii/framework/web/CWebApplication.php:287
Stack trace:
#0 /srv/www/htdocs/yii/framework/web/CWebApplication.php(142): CWebApplication->runController('admin')
#1 /srv/www/htdocs/yii/framework/base/CApplication.php(162): CWebApplication->processRequest()
#2 /srv/www/htdocs/yii_computer/index.php(13): CApplication->run()
#3 {main}
REQUEST_URI=/yii_computer/index.php?r=admin
---
2012/09/01 09:09:46 [error] [exception.CHttpException.404] exception 'CHttpException' with message 'Unable to resolve the request "Admin/statustype".' in /srv/www/htdocs/yii/framework/web/CWebApplication.php:287
Stack trace:
#0 /srv/www/htdocs/yii/framework/web/CWebApplication.php(142): CWebApplication->runController('Admin/statustyp...')
#1 /srv/www/htdocs/yii/framework/base/CApplication.php(162): CWebApplication->processRequest()
#2 /srv/www/htdocs/yii_computer/index.php(13): CApplication->run()
#3 {main}
REQUEST_URI=/yii_computer/index.php?r=Admin/statustype
---
2012/09/01 12:58:37 [error] [exception.CException] exception 'CException' with message 'UserIdentity and its behaviors do not have a method or closure named "validatePassword".' in /srv/www/htdocs/yii/framework/base/CComponent.php:266
Stack trace:
#0 /srv/www/htdocs/yii_computer/protected/components/UserIdentity.php(28): CComponent->__call('validatePasswor...', Array)
#1 /srv/www/htdocs/yii_computer/protected/components/UserIdentity.php(28): UserIdentity->validatePassword('admin')
#2 /srv/www/htdocs/yii_computer/protected/models/LoginForm.php(52): UserIdentity->authenticate()
#3 /srv/www/htdocs/yii/framework/validators/CInlineValidator.php(43): LoginForm->authenticate('password', Array)
#4 /srv/www/htdocs/yii/framework/validators/CValidator.php(214): CInlineValidator->validateAttribute(Object(LoginForm), 'password')
#5 /srv/www/htdocs/yii/framework/base/CModel.php(158): CValidator->validate(Object(LoginForm), NULL)
#6 /srv/www/htdocs/yii_computer/protected/controllers/SiteController.php(94): CModel->validate()
#7 /srv/www/htdocs/yii/framework/web/actions/CInlineAction.php(50): SiteController->actionLogin()
#8 /srv/www/htdocs/yii/framework/web/CController.php(309): CInlineAction->runWithParams(Array)
#9 /srv/www/htdocs/yii/framework/web/CController.php(287): CController->runAction(Object(CInlineAction))
#10 /srv/www/htdocs/yii/framework/web/CController.php(266): CController->runActionWithFilters(Object(CInlineAction), Array)
#11 /srv/www/htdocs/yii/framework/web/CWebApplication.php(283): CController->run('login')
#12 /srv/www/htdocs/yii/framework/web/CWebApplication.php(142): CWebApplication->runController('site/login')
#13 /srv/www/htdocs/yii/framework/base/CApplication.php(162): CWebApplication->processRequest()
#14 /srv/www/htdocs/yii_computer/index.php(13): CApplication->run()
#15 {main}
REQUEST_URI=/yii_computer/index.php?r=site/login
HTTP_REFERER=http://my/yii_computer/index.php?r=site/login
---
2012/09/01 15:47:31 [error] [exception.CHttpException.404] exception 'CHttpException' with message 'Unable to resolve the request "Admin/newstype".' in /srv/www/htdocs/yii/framework/web/CWebApplication.php:287
Stack trace:
#0 /srv/www/htdocs/yii/framework/web/CWebApplication.php(142): CWebApplication->runController('Admin/newstype')
#1 /srv/www/htdocs/yii/framework/base/CApplication.php(162): CWebApplication->processRequest()
#2 /srv/www/htdocs/yii_computer/index.php(13): CApplication->run()
#3 {main}
REQUEST_URI=/yii_computer/index.php?r=Admin/newstype
---
2012/09/01 15:47:45 [error] [exception.CHttpException.404] exception 'CHttpException' with message 'Unable to resolve the request "Admin/NEwsType".' in /srv/www/htdocs/yii/framework/web/CWebApplication.php:287
Stack trace:
#0 /srv/www/htdocs/yii/framework/web/CWebApplication.php(142): CWebApplication->runController('Admin/NEwsType')
#1 /srv/www/htdocs/yii/framework/base/CApplication.php(162): CWebApplication->processRequest()
#2 /srv/www/htdocs/yii_computer/index.php(13): CApplication->run()
#3 {main}
REQUEST_URI=/yii_computer/index.php?r=Admin/NEwsType
---
2012/09/01 15:47:56 [error] [exception.CHttpException.404] exception 'CHttpException' with message 'Unable to resolve the request "admin/NewsType".' in /srv/www/htdocs/yii/framework/web/CWebApplication.php:287
Stack trace:
#0 /srv/www/htdocs/yii/framework/web/CWebApplication.php(142): CWebApplication->runController('admin/NewsType')
#1 /srv/www/htdocs/yii/framework/base/CApplication.php(162): CWebApplication->processRequest()
#2 /srv/www/htdocs/yii_computer/index.php(13): CApplication->run()
#3 {main}
REQUEST_URI=/yii_computer/index.php?r=admin/NewsType
---
2012/09/01 16:02:33 [error] [php] Invalid argument supplied for foreach() (/srv/www/htdocs/yii/framework/web/helpers/CHtml.php:1960)
Stack trace:
#0 /srv/www/htdocs/yii_computer/protected/modules/Admin/views/news/_form.php(38): CActiveForm->dropDownList()
#1 /srv/www/htdocs/yii/framework/web/CBaseController.php(127): require()
#2 /srv/www/htdocs/yii/framework/web/CBaseController.php(96): NewsController->renderInternal()
#3 /srv/www/htdocs/yii/framework/web/CController.php(870): NewsController->renderFile()
#4 /srv/www/htdocs/yii_computer/protected/modules/Admin/views/news/create.php(18): NewsController->renderPartial()
#5 /srv/www/htdocs/yii/framework/web/CBaseController.php(127): require()
#6 /srv/www/htdocs/yii/framework/web/CBaseController.php(96): NewsController->renderInternal()
#7 /srv/www/htdocs/yii/framework/web/CController.php(870): NewsController->renderFile()
#8 /srv/www/htdocs/yii/framework/web/CController.php(783): NewsController->renderPartial()
#9 /srv/www/htdocs/yii_computer/protected/modules/Admin/controllers/NewsController.php(79): NewsController->render()
#10 /srv/www/htdocs/yii/framework/web/actions/CInlineAction.php(50): NewsController->actionCreate()
#11 /srv/www/htdocs/yii/framework/web/CController.php(309): CInlineAction->runWithParams()
#12 /srv/www/htdocs/yii/framework/web/filters/CFilterChain.php(134): NewsController->runAction()
#13 /srv/www/htdocs/yii/framework/web/filters/CFilter.php(41): CFilterChain->run()
#14 /srv/www/htdocs/yii/framework/web/CController.php(1146): CAccessControlFilter->filter()
#15 /srv/www/htdocs/yii/framework/web/filters/CInlineFilter.php(59): NewsController->filterAccessControl()
#16 /srv/www/htdocs/yii/framework/web/filters/CFilterChain.php(131): CInlineFilter->filter()
#17 /srv/www/htdocs/yii/framework/web/CController.php(292): CFilterChain->run()
#18 /srv/www/htdocs/yii/framework/web/CController.php(266): NewsController->runActionWithFilters()
#19 /srv/www/htdocs/yii/framework/web/CWebApplication.php(283): NewsController->run()
#20 /srv/www/htdocs/yii/framework/web/CWebApplication.php(142): CWebApplication->runController()
#21 /srv/www/htdocs/yii/framework/base/CApplication.php(162): CWebApplication->processRequest()
#22 /srv/www/htdocs/yii_computer/index.php(13): CWebApplication->run()
REQUEST_URI=/yii_computer/index.php?r=Admin/news/create
in /srv/www/htdocs/yii_computer/protected/modules/Admin/views/news/_form.php (38)
in /srv/www/htdocs/yii_computer/protected/modules/Admin/views/news/create.php (18)
in /srv/www/htdocs/yii_computer/protected/modules/Admin/controllers/NewsController.php (79)
2012/09/01 16:03:32 [error] [php] Invalid argument supplied for foreach() (/srv/www/htdocs/yii/framework/web/helpers/CHtml.php:1960)
Stack trace:
#0 /srv/www/htdocs/yii_computer/protected/modules/Admin/views/news/_form.php(38): CActiveForm->dropDownList()
#1 /srv/www/htdocs/yii/framework/web/CBaseController.php(127): require()
#2 /srv/www/htdocs/yii/framework/web/CBaseController.php(96): NewsController->renderInternal()
#3 /srv/www/htdocs/yii/framework/web/CController.php(870): NewsController->renderFile()
#4 /srv/www/htdocs/yii_computer/protected/modules/Admin/views/news/create.php(18): NewsController->renderPartial()
#5 /srv/www/htdocs/yii/framework/web/CBaseController.php(127): require()
#6 /srv/www/htdocs/yii/framework/web/CBaseController.php(96): NewsController->renderInternal()
#7 /srv/www/htdocs/yii/framework/web/CController.php(870): NewsController->renderFile()
#8 /srv/www/htdocs/yii/framework/web/CController.php(783): NewsController->renderPartial()
#9 /srv/www/htdocs/yii_computer/protected/modules/Admin/controllers/NewsController.php(79): NewsController->render()
#10 /srv/www/htdocs/yii/framework/web/actions/CInlineAction.php(50): NewsController->actionCreate()
#11 /srv/www/htdocs/yii/framework/web/CController.php(309): CInlineAction->runWithParams()
#12 /srv/www/htdocs/yii/framework/web/filters/CFilterChain.php(134): NewsController->runAction()
#13 /srv/www/htdocs/yii/framework/web/filters/CFilter.php(41): CFilterChain->run()
#14 /srv/www/htdocs/yii/framework/web/CController.php(1146): CAccessControlFilter->filter()
#15 /srv/www/htdocs/yii/framework/web/filters/CInlineFilter.php(59): NewsController->filterAccessControl()
#16 /srv/www/htdocs/yii/framework/web/filters/CFilterChain.php(131): CInlineFilter->filter()
#17 /srv/www/htdocs/yii/framework/web/CController.php(292): CFilterChain->run()
#18 /srv/www/htdocs/yii/framework/web/CController.php(266): NewsController->runActionWithFilters()
#19 /srv/www/htdocs/yii/framework/web/CWebApplication.php(283): NewsController->run()
#20 /srv/www/htdocs/yii/framework/web/CWebApplication.php(142): CWebApplication->runController()
#21 /srv/www/htdocs/yii/framework/base/CApplication.php(162): CWebApplication->processRequest()
#22 /srv/www/htdocs/yii_computer/index.php(13): CWebApplication->run()
REQUEST_URI=/yii_computer/index.php?r=Admin/news/create
in /srv/www/htdocs/yii_computer/protected/modules/Admin/views/news/_form.php (38)
in /srv/www/htdocs/yii_computer/protected/modules/Admin/views/news/create.php (18)
in /srv/www/htdocs/yii_computer/protected/modules/Admin/controllers/NewsController.php (79)
2012/09/02 05:49:51 [error] [exception.CException] exception 'CException' with message 'Property "NewsType.newsTypeName" is not defined.' in /srv/www/htdocs/yii/framework/base/CComponent.php:131
Stack trace:
#0 /srv/www/htdocs/yii/framework/db/ar/CActiveRecord.php(144): CComponent->__get('newsTypeName')
#1 /srv/www/htdocs/yii/framework/web/helpers/CHtml.php(1809): CActiveRecord->__get('newsTypeName')
#2 /srv/www/htdocs/yii/framework/web/helpers/CHtml.php(1773): CHtml::value(Object(NewsType), 'newsTypeName')
#3 /srv/www/htdocs/yii_computer/protected/models/NewsType.php(94): CHtml::listData(Array, 'id', 'newsTypeName')
#4 /srv/www/htdocs/yii_computer/protected/modules/Admin/views/news/_form.php(38): NewsType->getNewsTypeList()
#5 /srv/www/htdocs/yii/framework/web/CBaseController.php(127): require('/srv/www/htdocs...')
#6 /srv/www/htdocs/yii/framework/web/CBaseController.php(96): CBaseController->renderInternal('/srv/www/htdocs...', Array, true)
#7 /srv/www/htdocs/yii/framework/web/CController.php(870): CBaseController->renderFile('/srv/www/htdocs...', Array, true)
#8 /srv/www/htdocs/yii_computer/protected/modules/Admin/views/news/create.php(18): CController->renderPartial('_form', Array)
#9 /srv/www/htdocs/yii/framework/web/CBaseController.php(127): require('/srv/www/htdocs...')
#10 /srv/www/htdocs/yii/framework/web/CBaseController.php(96): CBaseController->renderInternal('/srv/www/htdocs...', Array, true)
#11 /srv/www/htdocs/yii/framework/web/CController.php(870): CBaseController->renderFile('/srv/www/htdocs...', Array, true)
#12 /srv/www/htdocs/yii/framework/web/CController.php(783): CController->renderPartial('create', Array, true)
#13 /srv/www/htdocs/yii_computer/protected/modules/Admin/controllers/NewsController.php(79): CController->render('create', Array)
#14 /srv/www/htdocs/yii/framework/web/actions/CInlineAction.php(50): NewsController->actionCreate()
#15 /srv/www/htdocs/yii/framework/web/CController.php(309): CInlineAction->runWithParams(Array)
#16 /srv/www/htdocs/yii/framework/web/filters/CFilterChain.php(134): CController->runAction(Object(CInlineAction))
#17 /srv/www/htdocs/yii/framework/web/filters/CFilter.php(41): CFilterChain->run()
#18 /srv/www/htdocs/yii/framework/web/CController.php(1146): CFilter->filter(Object(CFilterChain))
#19 /srv/www/htdocs/yii/framework/web/filters/CInlineFilter.php(59): CController->filterAccessControl(Object(CFilterChain))
#20 /srv/www/htdocs/yii/framework/web/filters/CFilterChain.php(131): CInlineFilter->filter(Object(CFilterChain))
#21 /srv/www/htdocs/yii/framework/web/CController.php(292): CFilterChain->run()
#22 /srv/www/htdocs/yii/framework/web/CController.php(266): CController->runActionWithFilters(Object(CInlineAction), Array)
#23 /srv/www/htdocs/yii/framework/web/CWebApplication.php(283): CController->run('create')
#24 /srv/www/htdocs/yii/framework/web/CWebApplication.php(142): CWebApplication->runController('Admin/news/crea...')
#25 /srv/www/htdocs/yii/framework/base/CApplication.php(162): CWebApplication->processRequest()
#26 /srv/www/htdocs/yii_computer/index.php(13): CApplication->run()
#27 {main}
REQUEST_URI=/yii_computer/index.php?r=Admin/news/create
HTTP_REFERER=http://my/yii_computer/index.php?r=site/login
---
2012/09/02 05:52:33 [error] [php] Invalid argument supplied for foreach() (/srv/www/htdocs/yii/framework/web/helpers/CHtml.php:1960)
Stack trace:
#0 /srv/www/htdocs/yii_computer/protected/modules/Admin/views/news/_form.php(38): CActiveForm->dropDownList()
#1 /srv/www/htdocs/yii/framework/web/CBaseController.php(127): require()
#2 /srv/www/htdocs/yii/framework/web/CBaseController.php(96): NewsController->renderInternal()
#3 /srv/www/htdocs/yii/framework/web/CController.php(870): NewsController->renderFile()
#4 /srv/www/htdocs/yii_computer/protected/modules/Admin/views/news/create.php(18): NewsController->renderPartial()
#5 /srv/www/htdocs/yii/framework/web/CBaseController.php(127): require()
#6 /srv/www/htdocs/yii/framework/web/CBaseController.php(96): NewsController->renderInternal()
#7 /srv/www/htdocs/yii/framework/web/CController.php(870): NewsController->renderFile()
#8 /srv/www/htdocs/yii/framework/web/CController.php(783): NewsController->renderPartial()
#9 /srv/www/htdocs/yii_computer/protected/modules/Admin/controllers/NewsController.php(79): NewsController->render()
#10 /srv/www/htdocs/yii/framework/web/actions/CInlineAction.php(50): NewsController->actionCreate()
#11 /srv/www/htdocs/yii/framework/web/CController.php(309): CInlineAction->runWithParams()
#12 /srv/www/htdocs/yii/framework/web/filters/CFilterChain.php(134): NewsController->runAction()
#13 /srv/www/htdocs/yii/framework/web/filters/CFilter.php(41): CFilterChain->run()
#14 /srv/www/htdocs/yii/framework/web/CController.php(1146): CAccessControlFilter->filter()
#15 /srv/www/htdocs/yii/framework/web/filters/CInlineFilter.php(59): NewsController->filterAccessControl()
#16 /srv/www/htdocs/yii/framework/web/filters/CFilterChain.php(131): CInlineFilter->filter()
#17 /srv/www/htdocs/yii/framework/web/CController.php(292): CFilterChain->run()
#18 /srv/www/htdocs/yii/framework/web/CController.php(266): NewsController->runActionWithFilters()
#19 /srv/www/htdocs/yii/framework/web/CWebApplication.php(283): NewsController->run()
#20 /srv/www/htdocs/yii/framework/web/CWebApplication.php(142): CWebApplication->runController()
#21 /srv/www/htdocs/yii/framework/base/CApplication.php(162): CWebApplication->processRequest()
#22 /srv/www/htdocs/yii_computer/index.php(13): CWebApplication->run()
REQUEST_URI=/yii_computer/index.php?r=Admin/news/create
in /srv/www/htdocs/yii_computer/protected/modules/Admin/views/news/_form.php (38)
in /srv/www/htdocs/yii_computer/protected/modules/Admin/views/news/create.php (18)
in /srv/www/htdocs/yii_computer/protected/modules/Admin/controllers/NewsController.php (79)
2012/09/02 06:14:02 [warning] [application] Failed to set unsafe attribute "create_time" of "News".
in /srv/www/htdocs/yii_computer/protected/modules/Admin/controllers/NewsController.php (72)
in /srv/www/htdocs/yii_computer/index.php (13)
2012/09/02 06:30:09 [error] [exception.CException] exception 'CException' with message 'Property "News.update_time_time" is not defined.' in /srv/www/htdocs/yii/framework/base/CComponent.php:174
Stack trace:
#0 /srv/www/htdocs/yii/framework/db/ar/CActiveRecord.php(160): CComponent->__set('update_time_tim...', '2012-09-02 06:3...')
#1 /srv/www/htdocs/yii_computer/protected/models/News.php(128): CActiveRecord->__set('update_time_tim...', '2012-09-02 06:3...')
#2 /srv/www/htdocs/yii/framework/db/ar/CActiveRecord.php(1059): News->beforeSave()
#3 /srv/www/htdocs/yii/framework/db/ar/CActiveRecord.php(796): CActiveRecord->update(NULL)
#4 /srv/www/htdocs/yii_computer/protected/modules/Admin/controllers/NewsController.php(100): CActiveRecord->save()
#5 [internal function]: NewsController->actionUpdate('16')
#6 /srv/www/htdocs/yii/framework/web/actions/CAction.php(107): ReflectionMethod->invokeArgs(Object(NewsController), Array)
#7 /srv/www/htdocs/yii/framework/web/actions/CInlineAction.php(48): CAction->runWithParamsInternal(Object(NewsController), Object(ReflectionMethod), Array)
#8 /srv/www/htdocs/yii/framework/web/CController.php(309): CInlineAction->runWithParams(Array)
#9 /srv/www/htdocs/yii/framework/web/filters/CFilterChain.php(134): CController->runAction(Object(CInlineAction))
#10 /srv/www/htdocs/yii/framework/web/filters/CFilter.php(41): CFilterChain->run()
#11 /srv/www/htdocs/yii/framework/web/CController.php(1146): CFilter->filter(Object(CFilterChain))
#12 /srv/www/htdocs/yii/framework/web/filters/CInlineFilter.php(59): CController->filterAccessControl(Object(CFilterChain))
#13 /srv/www/htdocs/yii/framework/web/filters/CFilterChain.php(131): CInlineFilter->filter(Object(CFilterChain))
#14 /srv/www/htdocs/yii/framework/web/CController.php(292): CFilterChain->run()
#15 /srv/www/htdocs/yii/framework/web/CController.php(266): CController->runActionWithFilters(Object(CInlineAction), Array)
#16 /srv/www/htdocs/yii/framework/web/CWebApplication.php(283): CController->run('update')
#17 /srv/www/htdocs/yii/framework/web/CWebApplication.php(142): CWebApplication->runController('Admin/news/upda...')
#18 /srv/www/htdocs/yii/framework/base/CApplication.php(162): CWebApplication->processRequest()
#19 /srv/www/htdocs/yii_computer/index.php(13): CApplication->run()
#20 {main}
REQUEST_URI=/yii_computer/index.php?r=Admin/news/update&id=16
HTTP_REFERER=http://my/yii_computer/index.php?r=Admin/news/update&id=16
---
2012/09/08 07:33:03 [error] [exception.CException] exception 'CException' with message 'Property "News.idpaquete" is not defined.' in /srv/www/htdocs/yii/framework/base/CComponent.php:131
Stack trace:
#0 /srv/www/htdocs/yii/framework/db/ar/CActiveRecord.php(144): CComponent->__get('idpaquete')
#1 /srv/www/htdocs/yii_computer/protected/modules/Admin/views/news/_form.php(33): CActiveRecord->__get('idpaquete')
#2 /srv/www/htdocs/yii/framework/web/CBaseController.php(127): require('/srv/www/htdocs...')
#3 /srv/www/htdocs/yii/framework/web/CBaseController.php(96): CBaseController->renderInternal('/srv/www/htdocs...', Array, true)
#4 /srv/www/htdocs/yii/framework/web/CController.php(870): CBaseController->renderFile('/srv/www/htdocs...', Array, true)
#5 /srv/www/htdocs/yii_computer/protected/modules/Admin/views/news/update.php(21): CController->renderPartial('_form', Array)
#6 /srv/www/htdocs/yii/framework/web/CBaseController.php(127): require('/srv/www/htdocs...')
#7 /srv/www/htdocs/yii/framework/web/CBaseController.php(96): CBaseController->renderInternal('/srv/www/htdocs...', Array, true)
#8 /srv/www/htdocs/yii/framework/web/CController.php(870): CBaseController->renderFile('/srv/www/htdocs...', Array, true)
#9 /srv/www/htdocs/yii/framework/web/CController.php(783): CController->renderPartial('update', Array, true)
#10 /srv/www/htdocs/yii_computer/protected/modules/Admin/controllers/NewsController.php(106): CController->render('update', Array)
#11 [internal function]: NewsController->actionUpdate('1')
#12 /srv/www/htdocs/yii/framework/web/actions/CAction.php(107): ReflectionMethod->invokeArgs(Object(NewsController), Array)
#13 /srv/www/htdocs/yii/framework/web/actions/CInlineAction.php(48): CAction->runWithParamsInternal(Object(NewsController), Object(ReflectionMethod), Array)
#14 /srv/www/htdocs/yii/framework/web/CController.php(309): CInlineAction->runWithParams(Array)
#15 /srv/www/htdocs/yii/framework/web/filters/CFilterChain.php(134): CController->runAction(Object(CInlineAction))
#16 /srv/www/htdocs/yii/framework/web/filters/CFilter.php(41): CFilterChain->run()
#17 /srv/www/htdocs/yii/framework/web/CController.php(1146): CFilter->filter(Object(CFilterChain))
#18 /srv/www/htdocs/yii/framework/web/filters/CInlineFilter.php(59): CController->filterAccessControl(Object(CFilterChain))
#19 /srv/www/htdocs/yii/framework/web/filters/CFilterChain.php(131): CInlineFilter->filter(Object(CFilterChain))
#20 /srv/www/htdocs/yii/framework/web/CController.php(292): CFilterChain->run()
#21 /srv/www/htdocs/yii/framework/web/CController.php(266): CController->runActionWithFilters(Object(CInlineAction), Array)
#22 /srv/www/htdocs/yii/framework/web/CWebApplication.php(283): CController->run('update')
#23 /srv/www/htdocs/yii/framework/web/CWebApplication.php(142): CWebApplication->runController('Admin/news/upda...')
#24 /srv/www/htdocs/yii/framework/base/CApplication.php(162): CWebApplication->processRequest()
#25 /srv/www/htdocs/yii_computer/index.php(13): CApplication->run()
#26 {main}
REQUEST_URI=/yii_computer/index.php?r=Admin/news/update&id=1
HTTP_REFERER=http://my/yii_computer/index.php?r=site/login
---
2012/09/08 12:47:36 [error] [exception.CException] exception 'CException' with message 'Property "News.statusName" is not defined.' in /srv/www/htdocs/yii/framework/base/CComponent.php:131
Stack trace:
#0 /srv/www/htdocs/yii/framework/db/ar/CActiveRecord.php(144): CComponent->__get('statusName')
#1 /srv/www/htdocs/yii_computer/protected/modules/Admin/views/news/_view.php(29): CActiveRecord->__get('statusName')
#2 /srv/www/htdocs/yii/framework/web/CBaseController.php(131): require('/srv/www/htdocs...')
#3 /srv/www/htdocs/yii/framework/web/CBaseController.php(96): CBaseController->renderInternal('/srv/www/htdocs...', Array, false)
#4 /srv/www/htdocs/yii/framework/zii/widgets/CListView.php(260): CBaseController->renderFile('/srv/www/htdocs...', Array)
#5 /srv/www/htdocs/yii/framework/zii/widgets/CBaseListView.php(161): CListView->renderItems()
#6 [internal function]: CBaseListView->renderSection(Array)
#7 /srv/www/htdocs/yii/framework/zii/widgets/CBaseListView.php(144): preg_replace_callback('/{(\w+)}/', Array, '{summary}?{sort...')
#8 /srv/www/htdocs/yii/framework/zii/widgets/CBaseListView.php(129): CBaseListView->renderContent()
#9 /srv/www/htdocs/yii/framework/web/CBaseController.php(174): CBaseListView->run()
#10 /srv/www/htdocs/yii_computer/protected/modules/Admin/views/news/index.php(20): CBaseController->widget('zii.widgets.CLi...', Array)
#11 /srv/www/htdocs/yii/framework/web/CBaseController.php(127): require('/srv/www/htdocs...')
#12 /srv/www/htdocs/yii/framework/web/CBaseController.php(96): CBaseController->renderInternal('/srv/www/htdocs...', Array, true)
#13 /srv/www/htdocs/yii/framework/web/CController.php(870): CBaseController->renderFile('/srv/www/htdocs...', Array, true)
#14 /srv/www/htdocs/yii/framework/web/CController.php(783): CController->renderPartial('index', Array, true)
#15 /srv/www/htdocs/yii_computer/protected/modules/Admin/controllers/NewsController.php(131): CController->render('index', Array)
#16 /srv/www/htdocs/yii/framework/web/actions/CInlineAction.php(50): NewsController->actionIndex()
#17 /srv/www/htdocs/yii/framework/web/CController.php(309): CInlineAction->runWithParams(Array)
#18 /srv/www/htdocs/yii/framework/web/filters/CFilterChain.php(134): CController->runAction(Object(CInlineAction))
#19 /srv/www/htdocs/yii/framework/web/filters/CFilter.php(41): CFilterChain->run()
#20 /srv/www/htdocs/yii/framework/web/CController.php(1146): CFilter->filter(Object(CFilterChain))
#21 /srv/www/htdocs/yii/framework/web/filters/CInlineFilter.php(59): CController->filterAccessControl(Object(CFilterChain))
#22 /srv/www/htdocs/yii/framework/web/filters/CFilterChain.php(131): CInlineFilter->filter(Object(CFilterChain))
#23 /srv/www/htdocs/yii/framework/web/CController.php(292): CFilterChain->run()
#24 /srv/www/htdocs/yii/framework/web/CController.php(266): CController->runActionWithFilters(Object(CInlineAction), Array)
#25 /srv/www/htdocs/yii/framework/web/CWebApplication.php(283): CController->run('index')
#26 /srv/www/htdocs/yii/framework/web/CWebApplication.php(142): CWebApplication->runController('Admin/news/inde...')
#27 /srv/www/htdocs/yii/framework/base/CApplication.php(162): CWebApplication->processRequest()
#28 /srv/www/htdocs/yii_computer/index.php(13): CApplication->run()
#29 {main}
REQUEST_URI=/yii_computer/index.php?r=Admin/news/index
HTTP_REFERER=http://my/yii_computer/index.php?r=Admin/news/view&id=1
---
2012/09/09 07:14:52 [error] [exception.CException] exception 'CException' with message 'Property "NewsType.status_name" is not defined.' in /srv/www/htdocs/yii/framework/base/CComponent.php:131
Stack trace:
#0 /srv/www/htdocs/yii/framework/db/ar/CActiveRecord.php(144): CComponent->__get('status_name')
#1 /srv/www/htdocs/yii/framework/base/CComponent.php(607) : eval()'d code(1): CActiveRecord->__get('status_name')
#2 /srv/www/htdocs/yii/framework/base/CComponent.php(607): eval()
#3 /srv/www/htdocs/yii/framework/zii/widgets/grid/CDataColumn.php(132): CComponent->evaluateExpression('$data->typeName...', Array)
#4 /srv/www/htdocs/yii/framework/zii/widgets/grid/CGridColumn.php(145): CDataColumn->renderDataCellContent(0, Object(News))
#5 /srv/www/htdocs/yii/framework/zii/widgets/grid/CGridView.php(546): CGridColumn->renderDataCell(0)
#6 /srv/www/htdocs/yii/framework/zii/widgets/grid/CGridView.php(517): CGridView->renderTableRow(0)
#7 /srv/www/htdocs/yii/framework/zii/widgets/grid/CGridView.php(427): CGridView->renderTableBody()
#8 /srv/www/htdocs/yii/framework/zii/widgets/CBaseListView.php(161): CGridView->renderItems()
#9 [internal function]: CBaseListView->renderSection(Array)
#10 /srv/www/htdocs/yii/framework/zii/widgets/CBaseListView.php(144): preg_replace_callback('/{(\w+)}/', Array, '{summary}?{item...')
#11 /srv/www/htdocs/yii/framework/zii/widgets/CBaseListView.php(129): CBaseListView->renderContent()
#12 /srv/www/htdocs/yii/framework/web/CBaseController.php(174): CBaseListView->run()
#13 /srv/www/htdocs/yii_computer/protected/modules/Admin/views/news/admin.php(67): CBaseController->widget('zii.widgets.gri...', Array)
#14 /srv/www/htdocs/yii/framework/web/CBaseController.php(127): require('/srv/www/htdocs...')
#15 /srv/www/htdocs/yii/framework/web/CBaseController.php(96): CBaseController->renderInternal('/srv/www/htdocs...', Array, true)
#16 /srv/www/htdocs/yii/framework/web/CController.php(870): CBaseController->renderFile('/srv/www/htdocs...', Array, true)
#17 /srv/www/htdocs/yii/framework/web/CController.php(783): CController->renderPartial('admin', Array, true)
#18 /srv/www/htdocs/yii_computer/protected/modules/Admin/controllers/NewsController.php(146): CController->render('admin', Array)
#19 /srv/www/htdocs/yii/framework/web/actions/CInlineAction.php(50): NewsController->actionAdmin()
#20 /srv/www/htdocs/yii/framework/web/CController.php(309): CInlineAction->runWithParams(Array)
#21 /srv/www/htdocs/yii/framework/web/filters/CFilterChain.php(134): CController->runAction(Object(CInlineAction))
#22 /srv/www/htdocs/yii/framework/web/filters/CFilter.php(41): CFilterChain->run()
#23 /srv/www/htdocs/yii/framework/web/CController.php(1146): CFilter->filter(Object(CFilterChain))
#24 /srv/www/htdocs/yii/framework/web/filters/CInlineFilter.php(59): CController->filterAccessControl(Object(CFilterChain))
#25 /srv/www/htdocs/yii/framework/web/filters/CFilterChain.php(131): CInlineFilter->filter(Object(CFilterChain))
#26 /srv/www/htdocs/yii/framework/web/CController.php(292): CFilterChain->run()
#27 /srv/www/htdocs/yii/framework/web/CController.php(266): CController->runActionWithFilters(Object(CInlineAction), Array)
#28 /srv/www/htdocs/yii/framework/web/CWebApplication.php(283): CController->run('admin')
#29 /srv/www/htdocs/yii/framework/web/CWebApplication.php(142): CWebApplication->runController('Admin/news/admi...')
#30 /srv/www/htdocs/yii/framework/base/CApplication.php(162): CWebApplication->processRequest()
#31 /srv/www/htdocs/yii_computer/index.php(13): CApplication->run()
#32 {main}
REQUEST_URI=/yii_computer/index.php?r=Admin/news/admin
HTTP_REFERER=http://my/yii_computer/index.php?r=site/login
---
2012/09/09 07:16:12 [error] [exception.CException] exception 'CException' with message 'Property "News.typeName1" is not defined.' in /srv/www/htdocs/yii/framework/base/CComponent.php:131
Stack trace:
#0 /srv/www/htdocs/yii/framework/db/ar/CActiveRecord.php(144): CComponent->__get('typeName1')
#1 /srv/www/htdocs/yii/framework/base/CComponent.php(607) : eval()'d code(1): CActiveRecord->__get('typeName1')
#2 /srv/www/htdocs/yii/framework/base/CComponent.php(607): eval()
#3 /srv/www/htdocs/yii/framework/zii/widgets/grid/CDataColumn.php(132): CComponent->evaluateExpression('$data->typeName...', Array)
#4 /srv/www/htdocs/yii/framework/zii/widgets/grid/CGridColumn.php(145): CDataColumn->renderDataCellContent(0, Object(News))
#5 /srv/www/htdocs/yii/framework/zii/widgets/grid/CGridView.php(546): CGridColumn->renderDataCell(0)
#6 /srv/www/htdocs/yii/framework/zii/widgets/grid/CGridView.php(517): CGridView->renderTableRow(0)
#7 /srv/www/htdocs/yii/framework/zii/widgets/grid/CGridView.php(427): CGridView->renderTableBody()
#8 /srv/www/htdocs/yii/framework/zii/widgets/CBaseListView.php(161): CGridView->renderItems()
#9 [internal function]: CBaseListView->renderSection(Array)
#10 /srv/www/htdocs/yii/framework/zii/widgets/CBaseListView.php(144): preg_replace_callback('/{(\w+)}/', Array, '{summary}?{item...')
#11 /srv/www/htdocs/yii/framework/zii/widgets/CBaseListView.php(129): CBaseListView->renderContent()
#12 /srv/www/htdocs/yii/framework/web/CBaseController.php(174): CBaseListView->run()
#13 /srv/www/htdocs/yii_computer/protected/modules/Admin/views/news/admin.php(67): CBaseController->widget('zii.widgets.gri...', Array)
#14 /srv/www/htdocs/yii/framework/web/CBaseController.php(127): require('/srv/www/htdocs...')
#15 /srv/www/htdocs/yii/framework/web/CBaseController.php(96): CBaseController->renderInternal('/srv/www/htdocs...', Array, true)
#16 /srv/www/htdocs/yii/framework/web/CController.php(870): CBaseController->renderFile('/srv/www/htdocs...', Array, true)
#17 /srv/www/htdocs/yii/framework/web/CController.php(783): CController->renderPartial('admin', Array, true)
#18 /srv/www/htdocs/yii_computer/protected/modules/Admin/controllers/NewsController.php(146): CController->render('admin', Array)
#19 /srv/www/htdocs/yii/framework/web/actions/CInlineAction.php(50): NewsController->actionAdmin()
#20 /srv/www/htdocs/yii/framework/web/CController.php(309): CInlineAction->runWithParams(Array)
#21 /srv/www/htdocs/yii/framework/web/filters/CFilterChain.php(134): CController->runAction(Object(CInlineAction))
#22 /srv/www/htdocs/yii/framework/web/filters/CFilter.php(41): CFilterChain->run()
#23 /srv/www/htdocs/yii/framework/web/CController.php(1146): CFilter->filter(Object(CFilterChain))
#24 /srv/www/htdocs/yii/framework/web/filters/CInlineFilter.php(59): CController->filterAccessControl(Object(CFilterChain))
#25 /srv/www/htdocs/yii/framework/web/filters/CFilterChain.php(131): CInlineFilter->filter(Object(CFilterChain))
#26 /srv/www/htdocs/yii/framework/web/CController.php(292): CFilterChain->run()
#27 /srv/www/htdocs/yii/framework/web/CController.php(266): CController->runActionWithFilters(Object(CInlineAction), Array)
#28 /srv/www/htdocs/yii/framework/web/CWebApplication.php(283): CController->run('admin')
#29 /srv/www/htdocs/yii/framework/web/CWebApplication.php(142): CWebApplication->runController('Admin/news/admi...')
#30 /srv/www/htdocs/yii/framework/base/CApplication.php(162): CWebApplication->processRequest()
#31 /srv/www/htdocs/yii_computer/index.php(13): CApplication->run()
#32 {main}
REQUEST_URI=/yii_computer/index.php?r=Admin/news/admin
HTTP_REFERER=http://my/yii_computer/index.php?r=site/login
---
2012/09/09 07:21:34 [error] [exception.CException] exception 'CException' with message 'Property "CDataColumn.html_option" is not defined.' in /srv/www/htdocs/yii/framework/base/CComponent.php:174
Stack trace:
#0 /srv/www/htdocs/yii/framework/YiiBase.php(222): CComponent->__set('html_option', Array)
#1 /srv/www/htdocs/yii/framework/zii/widgets/grid/CGridView.php(336): YiiBase::createComponent(Array, Object(CGridView))
#2 /srv/www/htdocs/yii/framework/zii/widgets/grid/CGridView.php(307): CGridView->initColumns()
#3 /srv/www/htdocs/yii/framework/web/CBaseController.php(148): CGridView->init()
#4 /srv/www/htdocs/yii/framework/web/CBaseController.php(173): CBaseController->createWidget('zii.widgets.gri...', Array)
#5 /srv/www/htdocs/yii_computer/protected/modules/Admin/views/news/admin.php(68): CBaseController->widget('zii.widgets.gri...', Array)
#6 /srv/www/htdocs/yii/framework/web/CBaseController.php(127): require('/srv/www/htdocs...')
#7 /srv/www/htdocs/yii/framework/web/CBaseController.php(96): CBaseController->renderInternal('/srv/www/htdocs...', Array, true)
#8 /srv/www/htdocs/yii/framework/web/CController.php(870): CBaseController->renderFile('/srv/www/htdocs...', Array, true)
#9 /srv/www/htdocs/yii/framework/web/CController.php(783): CController->renderPartial('admin', Array, true)
#10 /srv/www/htdocs/yii_computer/protected/modules/Admin/controllers/NewsController.php(146): CController->render('admin', Array)
#11 /srv/www/htdocs/yii/framework/web/actions/CInlineAction.php(50): NewsController->actionAdmin()
#12 /srv/www/htdocs/yii/framework/web/CController.php(309): CInlineAction->runWithParams(Array)
#13 /srv/www/htdocs/yii/framework/web/filters/CFilterChain.php(134): CController->runAction(Object(CInlineAction))
#14 /srv/www/htdocs/yii/framework/web/filters/CFilter.php(41): CFilterChain->run()
#15 /srv/www/htdocs/yii/framework/web/CController.php(1146): CFilter->filter(Object(CFilterChain))
#16 /srv/www/htdocs/yii/framework/web/filters/CInlineFilter.php(59): CController->filterAccessControl(Object(CFilterChain))
#17 /srv/www/htdocs/yii/framework/web/filters/CFilterChain.php(131): CInlineFilter->filter(Object(CFilterChain))
#18 /srv/www/htdocs/yii/framework/web/CController.php(292): CFilterChain->run()
#19 /srv/www/htdocs/yii/framework/web/CController.php(266): CController->runActionWithFilters(Object(CInlineAction), Array)
#20 /srv/www/htdocs/yii/framework/web/CWebApplication.php(283): CController->run('admin')
#21 /srv/www/htdocs/yii/framework/web/CWebApplication.php(142): CWebApplication->runController('Admin/news/admi...')
#22 /srv/www/htdocs/yii/framework/base/CApplication.php(162): CWebApplication->processRequest()
#23 /srv/www/htdocs/yii_computer/index.php(13): CApplication->run()
#24 {main}
REQUEST_URI=/yii_computer/index.php?r=Admin/news/admin
HTTP_REFERER=http://my/yii_computer/index.php?r=site/login
---
2012/09/09 07:21:43 [error] [exception.CException] exception 'CException' with message 'Property "CDataColumn.html_options" is not defined.' in /srv/www/htdocs/yii/framework/base/CComponent.php:174
Stack trace:
#0 /srv/www/htdocs/yii/framework/YiiBase.php(222): CComponent->__set('html_options', Array)
#1 /srv/www/htdocs/yii/framework/zii/widgets/grid/CGridView.php(336): YiiBase::createComponent(Array, Object(CGridView))
#2 /srv/www/htdocs/yii/framework/zii/widgets/grid/CGridView.php(307): CGridView->initColumns()
#3 /srv/www/htdocs/yii/framework/web/CBaseController.php(148): CGridView->init()
#4 /srv/www/htdocs/yii/framework/web/CBaseController.php(173): CBaseController->createWidget('zii.widgets.gri...', Array)
#5 /srv/www/htdocs/yii_computer/protected/modules/Admin/views/news/admin.php(68): CBaseController->widget('zii.widgets.gri...', Array)
#6 /srv/www/htdocs/yii/framework/web/CBaseController.php(127): require('/srv/www/htdocs...')
#7 /srv/www/htdocs/yii/framework/web/CBaseController.php(96): CBaseController->renderInternal('/srv/www/htdocs...', Array, true)
#8 /srv/www/htdocs/yii/framework/web/CController.php(870): CBaseController->renderFile('/srv/www/htdocs...', Array, true)
#9 /srv/www/htdocs/yii/framework/web/CController.php(783): CController->renderPartial('admin', Array, true)
#10 /srv/www/htdocs/yii_computer/protected/modules/Admin/controllers/NewsController.php(146): CController->render('admin', Array)
#11 /srv/www/htdocs/yii/framework/web/actions/CInlineAction.php(50): NewsController->actionAdmin()
#12 /srv/www/htdocs/yii/framework/web/CController.php(309): CInlineAction->runWithParams(Array)
#13 /srv/www/htdocs/yii/framework/web/filters/CFilterChain.php(134): CController->runAction(Object(CInlineAction))
#14 /srv/www/htdocs/yii/framework/web/filters/CFilter.php(41): CFilterChain->run()
#15 /srv/www/htdocs/yii/framework/web/CController.php(1146): CFilter->filter(Object(CFilterChain))
#16 /srv/www/htdocs/yii/framework/web/filters/CInlineFilter.php(59): CController->filterAccessControl(Object(CFilterChain))
#17 /srv/www/htdocs/yii/framework/web/filters/CFilterChain.php(131): CInlineFilter->filter(Object(CFilterChain))
#18 /srv/www/htdocs/yii/framework/web/CController.php(292): CFilterChain->run()
#19 /srv/www/htdocs/yii/framework/web/CController.php(266): CController->runActionWithFilters(Object(CInlineAction), Array)
#20 /srv/www/htdocs/yii/framework/web/CWebApplication.php(283): CController->run('admin')
#21 /srv/www/htdocs/yii/framework/web/CWebApplication.php(142): CWebApplication->runController('Admin/news/admi...')
#22 /srv/www/htdocs/yii/framework/base/CApplication.php(162): CWebApplication->processRequest()
#23 /srv/www/htdocs/yii_computer/index.php(13): CApplication->run()
#24 {main}
REQUEST_URI=/yii_computer/index.php?r=Admin/news/admin
HTTP_REFERER=http://my/yii_computer/index.php?r=site/login
---
